
ROM used:   2484/8192 (30%)
            2565/8192 (31%) including unused fragments

            1.4 Average locations per line
            5.1 Average locations per statement

RAM used:   58/368 (16%) at main() level
            75/368 (20%) worst case

Stack used: 6 worst case (6 in main + 0 for interrupts)
Stack size: 8

Lines Stmts  %   Files
----- ----- ---  -----
  550   353  72  Donghovannang.c
  672     0   0  ..\..\..\..\Program Files (x86)\PICC\Devices\16F877A.h
   57    37   8  DHT11.H
   32     0   0  ..\..\..\..\Program Files (x86)\PICC\Drivers\stddef.h
  430    98  20  ..\..\..\..\Program Files (x86)\PICC\Drivers\lcd.c
----- -----
 1741   488 Total

Page ROM  %  RAM    Vol Diff  Functions:
---- --- --- ---    --- ----  ----------
0     24   1    1             @delay_ms1
0     16   1    1             @I2C_WRITEU_129
0     16   1    1             @I2C_READU_129
 Inline        19   1585 10.1  DHT_GetTemHumi
 Inline         3    760  4.5  lcd_read_byte
0     49   2    2    262  3.7  lcd_read_nibble
0     48   2    1    399  2.4  lcd_send_nibble
0     94   4    3    415  3.7  lcd_send_byte
0     70   3    6    852  6.2  lcd_init
0     18   1    4    208  6.3  lcd_gotoxy
0     36   1    1    272  4.1  lcd_putc
0    180   7    2   1505  3.9  hienthi1
0      4   0    0             @const685
0     86   3    4             @PSTRINGC7_640
0      3   0    0             @const695
0      3   0    0             @const696
0      3   0    0             @const703
1    154   6    2    713  4.7  hienthi2
0      3   0    0             @const706
0     21   1    3             @DIV88
0    187   8    1    248  2.2  hienthinhietdo
0      7   0    0             @const716
0     87   4    5             @PSTRINGCN7_640
0     53   2    2   1132  7.2  @PRINTF_U_640
0      8   0    0             @const722
1    209   8    2   1132  7.2  MAIN
0      8   0    0             @const727
0      7   0    0             @const728
0      9   0    0    614  3.4  @const729
0     37   1    2   1759  8.7  @MUL88
0     45   2    0    614  3.4  convert_bcd
1    154   6    3   1759  8.7  chinh_bt
0     10   0    0             @const735
0    622  25    4   5670 12.9  chinh_gio
0     10   0    0    533  2.9  @goto22407
0     10   0    0    388  2.3  @goto22449
0    137   6    4    533  2.9  ReadRTC
 Inline         3    388  2.3  WriteRTC
0     52   2    2    336  3.7  rtc_init
 Inline         0             @cinit1

Program metrics:
    Functions               23
    Statements              488
    Comments                437
    Volume (V)              35860
    Difficulty (D)          116.1
    Effort to implement (E) 4164542
    Time to implement (T)   64 hours, 16 minutes
    Est Delivered Bugs (B)  9
    Cyclomatic Complexity   103
    Maintainability (MI)    105

 Segment     Used  Free
-----------  ----  ----
00000-00003     4  0  
00004-007FF  1963  81  
00800-00FFF   517  1531  
01000-017FF     0  2048  
01800-01FFF     0  2048  



